2015-03-10 12:43:38.547 trySlideMenuApp[4596:30229] DiskCookieStorage changing policy from 2 to 0, cookie file: file:///Users/Admin/Library/Developer/CoreSimulator/Devices/3841FA89-3685-45EB-8640-6B4604F7DC7F/data/Containers/Data/Application/CB5550CE-92DB-4782-9833-7BE348380EDC/Library/Cookies/Cookies.binarycookies
2015-03-10 12:43:40.827 trySlideMenuApp[4596:30229] Apache Cordova native platform version 3.8.0 is starting.
2015-03-10 12:43:40.828 trySlideMenuApp[4596:30229] Multi-tasking -> Device: YES, App: YES
2015-03-10 12:43:40.856 trySlideMenuApp[4596:30229] Unlimited access to network resources
2015-03-10 12:43:41.743 trySlideMenuApp[4596:30229] [CDVTimer][keyboard] 0.176013ms
2015-03-10 12:43:41.743 trySlideMenuApp[4596:30229] [CDVTimer][TotalPluginStartup] 0.610948ms
2015-03-10 12:43:45.123 trySlideMenuApp[4596:30229] Resetting plugins due to page load.
2015-03-10 12:43:45.787 trySlideMenuApp[4596:30229] Finished load of: file:///Users/Admin/Library/Developer/CoreSimulator/Devices/3841FA89-3685-45EB-8640-6B4604F7DC7F/data/Containers/Bundle/Application/8BCA71F4-28F3-42FC-8788-A28EB6653E00/trySlideMenuApp.app/www/index.html#/app/playlists
2015-03-10 12:43:46.773 trySlideMenuApp[4596:30229] THREAD WARNING: ['Device'] took '29.745605' ms. Plugin should use a background thread.
2015-03-10 12:43:55.856 trySlideMenuApp[4596:30229] Doing login [object Object]
2015-03-10 12:43:58.888 trySlideMenuApp[4596:30229] THREAD WARNING: ['Keyboard'] took '17.088867' ms. Plugin should use a background thread.
2015-03-10 12:44:23.380 trySlideMenuApp[4596:30229] Doing login [object Object]
2015-03-10 12:44:23.504 trySlideMenuApp[4596:30229] THREAD WARNING: ['Console'] took '124.596191' ms. Plugin should use a background thread.
2015-03-10 12:52:49.281 trySlideMenuApp[4815:33110] DiskCookieStorage changing policy from 2 to 0, cookie file: file:///Users/Admin/Library/Developer/CoreSimulator/Devices/3841FA89-3685-45EB-8640-6B4604F7DC7F/data/Containers/Data/Application/6338BCDF-6A91-429E-837C-96B484F41B30/Library/Cookies/Cookies.binarycookies
2015-03-10 12:52:51.190 trySlideMenuApp[4815:33110] Apache Cordova native platform version 3.8.0 is starting.
2015-03-10 12:52:51.194 trySlideMenuApp[4815:33110] Multi-tasking -> Device: YES, App: YES
2015-03-10 12:52:51.237 trySlideMenuApp[4815:33110] Unlimited access to network resources
2015-03-10 12:52:52.533 trySlideMenuApp[4815:33110] [CDVTimer][keyboard] 0.216961ms
2015-03-10 12:52:52.623 trySlideMenuApp[4815:33110] [CDVTimer][file] 89.338958ms
2015-03-10 12:52:53.167 trySlideMenuApp[4815:33110] [CDVTimer][splashscreen] 543.555021ms
2015-03-10 12:52:53.167 trySlideMenuApp[4815:33110] [CDVTimer][TotalPluginStartup] 634.562016ms
2015-03-10 12:52:54.029 trySlideMenuApp[4815:33110] Resetting plugins due to page load.
2015-03-10 12:52:54.715 trySlideMenuApp[4815:33110] Finished load of: file:///Users/Admin/Library/Developer/CoreSimulator/Devices/3841FA89-3685-45EB-8640-6B4604F7DC7F/data/Containers/Bundle/Application/B978B8FF-1966-471D-B822-E1211E9CE230/trySlideMenuApp.app/www/index.html#/app/playlists
2015-03-13 22:47:11.660 trySlideMenuApp[1278:15083] DiskCookieStorage changing policy from 2 to 0, cookie file: file:///Users/Admin/Library/Developer/CoreSimulator/Devices/3841FA89-3685-45EB-8640-6B4604F7DC7F/data/Containers/Data/Application/3ABB98DA-960D-41BA-823E-B01A75C3592E/Library/Cookies/Cookies.binarycookies
2015-03-13 22:47:12.135 trySlideMenuApp[1278:15083] Apache Cordova native platform version 3.8.0 is starting.
2015-03-13 22:47:12.137 trySlideMenuApp[1278:15083] Multi-tasking -> Device: YES, App: YES
2015-03-13 22:47:12.149 trySlideMenuApp[1278:15083] Unlimited access to network resources
2015-03-13 22:47:12.958 trySlideMenuApp[1278:15083] [CDVTimer][keyboard] 0.235975ms
2015-03-13 22:47:13.035 trySlideMenuApp[1278:15083] [CDVTimer][file] 77.346981ms
2015-03-13 22:47:13.325 trySlideMenuApp[1278:15083] [CDVTimer][splashscreen] 289.466023ms
2015-03-13 22:47:13.326 trySlideMenuApp[1278:15083] [CDVTimer][TotalPluginStartup] 368.382990ms
2015-03-13 22:47:14.136 trySlideMenuApp[1278:15083] Resetting plugins due to page load.
2015-03-13 22:47:14.645 trySlideMenuApp[1278:15083] Finished load of: file:///Users/Admin/Library/Developer/CoreSimulator/Devices/3841FA89-3685-45EB-8640-6B4604F7DC7F/data/Containers/Bundle/Application/9ED333C1-284A-4452-9C88-54BAB9381F92/trySlideMenuApp.app/www/index.html#/app/playlists
2015-03-13 22:47:58.554 trySlideMenuApp[1278:15175] void SendDelegateMessage(NSInvocation *): delegate (webView:runJavaScriptAlertPanelWithMessage:initiatedByFrame:) failed to return after waiting 10 seconds. main run loop mode: kCFRunLoopDefaultMode
2015-03-13 22:54:24.512 trySlideMenuApp[1278:15083] THREAD WARNING: ['Keyboard'] took '75.823975' ms. Plugin should use a background thread.
2015-03-13 22:55:13.458 trySlideMenuApp[1464:17350] DiskCookieStorage changing policy from 2 to 0, cookie file: file:///Users/Admin/Library/Developer/CoreSimulator/Devices/3841FA89-3685-45EB-8640-6B4604F7DC7F/data/Containers/Data/Application/A373AAB7-3D5C-42BF-9BDD-23011374AB36/Library/Cookies/Cookies.binarycookies
2015-03-13 22:55:14.330 trySlideMenuApp[1464:17350] Apache Cordova native platform version 3.8.0 is starting.
2015-03-13 22:55:14.331 trySlideMenuApp[1464:17350] Multi-tasking -> Device: YES, App: YES
2015-03-13 22:55:14.345 trySlideMenuApp[1464:17350] Unlimited access to network resources
2015-03-13 22:55:15.898 trySlideMenuApp[1464:17350] [CDVTimer][keyboard] 0.168025ms
2015-03-13 22:55:16.029 trySlideMenuApp[1464:17350] [CDVTimer][file] 129.849017ms
2015-03-13 22:55:16.474 trySlideMenuApp[1464:17350] [CDVTimer][splashscreen] 444.920003ms
2015-03-13 22:55:16.474 trySlideMenuApp[1464:17350] [CDVTimer][TotalPluginStartup] 576.539993ms
2015-03-13 22:55:17.408 trySlideMenuApp[1464:17350] Resetting plugins due to page load.
2015-03-13 22:55:18.090 trySlideMenuApp[1464:17350] Finished load of: file:///Users/Admin/Library/Developer/CoreSimulator/Devices/3841FA89-3685-45EB-8640-6B4604F7DC7F/data/Containers/Bundle/Application/1B90A9C0-0C47-4123-B214-5215201AD611/trySlideMenuApp.app/www/index.html
2015-03-13 23:41:42.197 trySlideMenuApp[1810:25832] DiskCookieStorage changing policy from 2 to 0, cookie file: file:///Users/Admin/Library/Developer/CoreSimulator/Devices/3841FA89-3685-45EB-8640-6B4604F7DC7F/data/Containers/Data/Application/B8217F2D-BB9B-4A4A-80ED-B839081A5584/Library/Cookies/Cookies.binarycookies
2015-03-13 23:41:42.698 trySlideMenuApp[1810:25832] Apache Cordova native platform version 3.8.0 is starting.
2015-03-13 23:41:42.700 trySlideMenuApp[1810:25832] Multi-tasking -> Device: YES, App: YES
2015-03-13 23:41:42.711 trySlideMenuApp[1810:25832] Unlimited access to network resources
2015-03-13 23:41:43.563 trySlideMenuApp[1810:25832] [CDVTimer][keyboard] 0.168025ms
2015-03-13 23:41:43.645 trySlideMenuApp[1810:25832] [CDVTimer][file] 81.975996ms
2015-03-13 23:41:43.995 trySlideMenuApp[1810:25832] [CDVTimer][splashscreen] 349.466026ms
2015-03-13 23:41:43.996 trySlideMenuApp[1810:25832] [CDVTimer][TotalPluginStartup] 433.435977ms
2015-03-13 23:41:44.796 trySlideMenuApp[1810:25832] Resetting plugins due to page load.
2015-03-13 23:41:45.530 trySlideMenuApp[1810:25832] Finished load of: file:///Users/Admin/Library/Developer/CoreSimulator/Devices/3841FA89-3685-45EB-8640-6B4604F7DC7F/data/Containers/Bundle/Application/9C4CC703-B833-4535-82C1-29CC41277536/trySlideMenuApp.app/www/index.html#/app/playlists
2015-03-13 23:41:48.467 trySlideMenuApp[1810:25832] THREAD WARNING: ['File'] took '2164.414062' ms. Plugin should use a background thread.
2015-03-13 23:48:34.274 trySlideMenuApp[1810:25888] void SendDelegateMessage(NSInvocation *): delegate (webView:runJavaScriptAlertPanelWithMessage:initiatedByFrame:) failed to return after waiting 10 seconds. main run loop mode: kCFRunLoopDefaultMode
2015-03-13 23:50:28.826 trySlideMenuApp[1972:27690] DiskCookieStorage changing policy from 2 to 0, cookie file: file:///Users/Admin/Library/Developer/CoreSimulator/Devices/3841FA89-3685-45EB-8640-6B4604F7DC7F/data/Containers/Data/Application/748F0164-137C-4112-A508-41170E523458/Library/Cookies/Cookies.binarycookies
2015-03-13 23:50:29.453 trySlideMenuApp[1972:27690] Apache Cordova native platform version 3.8.0 is starting.
2015-03-13 23:50:29.455 trySlideMenuApp[1972:27690] Multi-tasking -> Device: YES, App: YES
2015-03-13 23:50:29.466 trySlideMenuApp[1972:27690] Unlimited access to network resources
2015-03-13 23:50:30.437 trySlideMenuApp[1972:27690] [CDVTimer][keyboard] 0.232995ms
2015-03-13 23:50:30.501 trySlideMenuApp[1972:27690] [CDVTimer][file] 63.807011ms
2015-03-13 23:50:30.798 trySlideMenuApp[1972:27690] [CDVTimer][splashscreen] 296.730042ms
2015-03-13 23:50:30.799 trySlideMenuApp[1972:27690] [CDVTimer][TotalPluginStartup] 362.261951ms
2015-03-13 23:50:31.536 trySlideMenuApp[1972:27690] Resetting plugins due to page load.
2015-03-13 23:50:32.514 trySlideMenuApp[1972:27690] Finished load of: file:///Users/Admin/Library/Developer/CoreSimulator/Devices/3841FA89-3685-45EB-8640-6B4604F7DC7F/data/Containers/Bundle/Application/006EA0EC-8EB2-4AB0-8DFF-29817C10A49B/trySlideMenuApp.app/www/index.html#/app/playlists
2015-03-13 23:50:53.293 trySlideMenuApp[1972:27734] void SendDelegateMessage(NSInvocation *): delegate (webView:runJavaScriptAlertPanelWithMessage:initiatedByFrame:) failed to return after waiting 10 seconds. main run loop mode: kCFRunLoopDefaultMode
2015-03-13 23:55:19.059 trySlideMenuApp[2130:28980] DiskCookieStorage changing policy from 2 to 0, cookie file: file:///Users/Admin/Library/Developer/CoreSimulator/Devices/3841FA89-3685-45EB-8640-6B4604F7DC7F/data/Containers/Data/Application/42AC449E-658F-4566-955B-74FE09024D4C/Library/Cookies/Cookies.binarycookies
2015-03-13 23:55:20.368 trySlideMenuApp[2130:28980] Apache Cordova native platform version 3.8.0 is starting.
2015-03-13 23:55:20.370 trySlideMenuApp[2130:28980] Multi-tasking -> Device: YES, App: YES
2015-03-13 23:55:20.383 trySlideMenuApp[2130:28980] Unlimited access to network resources
2015-03-13 23:55:22.856 trySlideMenuApp[2130:28980] [CDVTimer][keyboard] 0.154018ms
2015-03-13 23:55:22.902 trySlideMenuApp[2130:28980] [CDVTimer][file] 45.271993ms
2015-03-13 23:55:23.229 trySlideMenuApp[2130:28980] [CDVTimer][splashscreen] 326.952994ms
2015-03-13 23:55:23.229 trySlideMenuApp[2130:28980] [CDVTimer][TotalPluginStartup] 373.461008ms
2015-03-13 23:55:23.964 trySlideMenuApp[2130:28980] Resetting plugins due to page load.
2015-03-13 23:55:24.694 trySlideMenuApp[2130:28980] Finished load of: file:///Users/Admin/Library/Developer/CoreSimulator/Devices/3841FA89-3685-45EB-8640-6B4604F7DC7F/data/Containers/Bundle/Application/9EC62CFC-3DE4-4037-B78F-839FA771439E/trySlideMenuApp.app/www/index.html#/app/playlists
2015-03-14 00:01:50.000 trySlideMenuApp[2130:29048] void SendDelegateMessage(NSInvocation *): delegate (webView:runJavaScriptAlertPanelWithMessage:initiatedByFrame:) failed to return after waiting 10 seconds. main run loop mode: kCFRunLoopDefaultMode
2015-03-14 00:18:32.041 trySlideMenuApp[2320:34527] DiskCookieStorage changing policy from 2 to 0, cookie file: file:///Users/Admin/Library/Developer/CoreSimulator/Devices/3841FA89-3685-45EB-8640-6B4604F7DC7F/data/Containers/Data/Application/0FBDF677-C84A-4B54-8A51-C5AE31CBEF88/Library/Cookies/Cookies.binarycookies
2015-03-14 00:18:34.034 trySlideMenuApp[2320:34527] Apache Cordova native platform version 3.8.0 is starting.
2015-03-14 00:18:34.036 trySlideMenuApp[2320:34527] Multi-tasking -> Device: YES, App: YES
2015-03-14 00:18:34.055 trySlideMenuApp[2320:34527] Unlimited access to network resources
2015-03-14 00:18:35.282 trySlideMenuApp[2320:34527] [CDVTimer][keyboard] 0.229001ms
2015-03-14 00:18:36.318 trySlideMenuApp[2320:34527] [CDVTimer][file] 1034.862041ms
2015-03-14 00:18:38.000 trySlideMenuApp[2320:34527] [CDVTimer][splashscreen] 1682.098031ms
2015-03-14 00:18:38.001 trySlideMenuApp[2320:34527] [CDVTimer][TotalPluginStartup] 2718.688011ms
2015-03-14 00:18:38.806 trySlideMenuApp[2320:34527] Resetting plugins due to page load.
2015-03-14 00:18:39.319 trySlideMenuApp[2320:34527] Finished load of: file:///Users/Admin/Library/Developer/CoreSimulator/Devices/3841FA89-3685-45EB-8640-6B4604F7DC7F/data/Containers/Bundle/Application/4B405ADB-3AA4-45F0-A33C-2FCF54876DEA/trySlideMenuApp.app/www/index.html
2015-03-14 00:31:48.564 trySlideMenuApp[2480:38281] DiskCookieStorage changing policy from 2 to 0, cookie file: file:///Users/Admin/Library/Developer/CoreSimulator/Devices/3841FA89-3685-45EB-8640-6B4604F7DC7F/data/Containers/Data/Application/F6BCB826-F0A4-4EDC-ADAD-D19FCC907E3A/Library/Cookies/Cookies.binarycookies
2015-03-14 00:31:50.512 trySlideMenuApp[2480:38281] Apache Cordova native platform version 3.8.0 is starting.
2015-03-14 00:31:50.516 trySlideMenuApp[2480:38281] Multi-tasking -> Device: YES, App: YES
2015-03-14 00:31:50.528 trySlideMenuApp[2480:38281] Unlimited access to network resources
2015-03-14 00:31:51.464 trySlideMenuApp[2480:38281] [CDVTimer][keyboard] 0.274003ms
2015-03-14 00:31:51.616 trySlideMenuApp[2480:38281] [CDVTimer][file] 150.861025ms
2015-03-14 00:31:51.978 trySlideMenuApp[2480:38281] [CDVTimer][splashscreen] 360.571027ms
2015-03-14 00:31:51.978 trySlideMenuApp[2480:38281] [CDVTimer][TotalPluginStartup] 514.589965ms
2015-03-14 00:31:52.750 trySlideMenuApp[2480:38281] Resetting plugins due to page load.
2015-03-14 00:31:53.431 trySlideMenuApp[2480:38281] Finished load of: file:///Users/Admin/Library/Developer/CoreSimulator/Devices/3841FA89-3685-45EB-8640-6B4604F7DC7F/data/Containers/Bundle/Application/3C9D767D-2622-4101-A5AF-ACE34E359EF8/trySlideMenuApp.app/www/index.html#/app/playlists
2015-03-14 00:35:15.700 trySlideMenuApp[2633:39535] DiskCookieStorage changing policy from 2 to 0, cookie file: file:///Users/Admin/Library/Developer/CoreSimulator/Devices/3841FA89-3685-45EB-8640-6B4604F7DC7F/data/Containers/Data/Application/548EA1AF-FA6E-459B-B30C-541103536906/Library/Cookies/Cookies.binarycookies
2015-03-14 00:35:16.340 trySlideMenuApp[2633:39535] Apache Cordova native platform version 3.8.0 is starting.
2015-03-14 00:35:16.341 trySlideMenuApp[2633:39535] Multi-tasking -> Device: YES, App: YES
2015-03-14 00:35:16.356 trySlideMenuApp[2633:39535] Unlimited access to network resources
2015-03-14 00:35:17.160 trySlideMenuApp[2633:39535] [CDVTimer][keyboard] 0.357985ms
2015-03-14 00:35:17.201 trySlideMenuApp[2633:39535] [CDVTimer][file] 40.261984ms
2015-03-14 00:35:17.467 trySlideMenuApp[2633:39535] [CDVTimer][splashscreen] 265.679002ms
2015-03-14 00:35:17.468 trySlideMenuApp[2633:39535] [CDVTimer][TotalPluginStartup] 308.703005ms
2015-03-14 00:35:18.184 trySlideMenuApp[2633:39535] Resetting plugins due to page load.
2015-03-14 00:35:18.800 trySlideMenuApp[2633:39535] Finished load of: file:///Users/Admin/Library/Developer/CoreSimulator/Devices/3841FA89-3685-45EB-8640-6B4604F7DC7F/data/Containers/Bundle/Application/F3D80129-B6E8-48B6-ABB4-A35A210B9EF9/trySlideMenuApp.app/www/index.html#/app/playlists
2015-03-14 00:39:00.081 trySlideMenuApp[2633:39647] void SendDelegateMessage(NSInvocation *): delegate (webView:runJavaScriptAlertPanelWithMessage:initiatedByFrame:) failed to return after waiting 10 seconds. main run loop mode: kCFRunLoopDefaultMode
2015-03-14 00:41:27.610 trySlideMenuApp[2786:41299] DiskCookieStorage changing policy from 2 to 0, cookie file: file:///Users/Admin/Library/Developer/CoreSimulator/Devices/3841FA89-3685-45EB-8640-6B4604F7DC7F/data/Containers/Data/Application/880415F6-FA99-41D0-B13F-40B147A59E31/Library/Cookies/Cookies.binarycookies
2015-03-14 00:41:28.200 trySlideMenuApp[2786:41299] Apache Cordova native platform version 3.8.0 is starting.
2015-03-14 00:41:28.202 trySlideMenuApp[2786:41299] Multi-tasking -> Device: YES, App: YES
2015-03-14 00:41:28.218 trySlideMenuApp[2786:41299] Unlimited access to network resources
2015-03-14 00:41:29.150 trySlideMenuApp[2786:41299] [CDVTimer][keyboard] 0.213981ms
2015-03-14 00:41:29.229 trySlideMenuApp[2786:41299] [CDVTimer][file] 79.088986ms
2015-03-14 00:41:29.592 trySlideMenuApp[2786:41299] [CDVTimer][splashscreen] 362.282991ms
2015-03-14 00:41:29.593 trySlideMenuApp[2786:41299] [CDVTimer][TotalPluginStartup] 443.933010ms
2015-03-14 00:41:32.646 trySlideMenuApp[2786:41299] Resetting plugins due to page load.
2015-03-14 00:41:33.465 trySlideMenuApp[2786:41299] Finished load of: file:///Users/Admin/Library/Developer/CoreSimulator/Devices/3841FA89-3685-45EB-8640-6B4604F7DC7F/data/Containers/Bundle/Application/C968247A-0ADD-4227-885D-908760FF1C9F/trySlideMenuApp.app/www/index.html#/app/playlists
2015-03-14 01:01:51.344 trySlideMenuApp[2995:46955] DiskCookieStorage changing policy from 2 to 0, cookie file: file:///Users/Admin/Library/Developer/CoreSimulator/Devices/3841FA89-3685-45EB-8640-6B4604F7DC7F/data/Containers/Data/Application/CF368A83-820D-465A-B666-7C73E8D513CA/Library/Cookies/Cookies.binarycookies
2015-03-14 01:01:51.933 trySlideMenuApp[2995:46955] Apache Cordova native platform version 3.8.0 is starting.
2015-03-14 01:01:51.936 trySlideMenuApp[2995:46955] Multi-tasking -> Device: YES, App: YES
2015-03-14 01:01:51.943 trySlideMenuApp[2995:46955] Unlimited access to network resources
2015-03-14 01:01:53.296 trySlideMenuApp[2995:46955] [CDVTimer][keyboard] 0.627041ms
2015-03-14 01:01:53.654 trySlideMenuApp[2995:46955] [CDVTimer][splashscreen] 356.526017ms
2015-03-14 01:01:53.719 trySlideMenuApp[2995:46955] [CDVTimer][file] 65.441966ms
2015-03-14 01:01:53.720 trySlideMenuApp[2995:46955] [CDVTimer][TotalPluginStartup] 425.267994ms
2015-03-14 01:01:54.462 trySlideMenuApp[2995:46955] Resetting plugins due to page load.
2015-03-14 01:01:55.067 trySlideMenuApp[2995:46955] Finished load of: file:///Users/Admin/Library/Developer/CoreSimulator/Devices/3841FA89-3685-45EB-8640-6B4604F7DC7F/data/Containers/Bundle/Application/34C06F80-B20D-4936-BDF6-E1A3EFB84A87/trySlideMenuApp.app/www/index.html#/app/playlists
2015-03-14 01:12:16.102 trySlideMenuApp[3156:49056] DiskCookieStorage changing policy from 2 to 0, cookie file: file:///Users/Admin/Library/Developer/CoreSimulator/Devices/3841FA89-3685-45EB-8640-6B4604F7DC7F/data/Containers/Data/Application/9AFCA583-4795-40C9-B36F-73635C79EFD1/Library/Cookies/Cookies.binarycookies
2015-03-14 01:12:16.702 trySlideMenuApp[3156:49056] Apache Cordova native platform version 3.8.0 is starting.
2015-03-14 01:12:16.717 trySlideMenuApp[3156:49056] Multi-tasking -> Device: YES, App: YES
2015-03-14 01:12:16.731 trySlideMenuApp[3156:49056] Unlimited access to network resources
2015-03-14 01:12:17.552 trySlideMenuApp[3156:49056] [CDVTimer][keyboard] 0.226021ms
2015-03-14 01:12:17.892 trySlideMenuApp[3156:49056] [CDVTimer][splashscreen] 338.596046ms
2015-03-14 01:12:17.941 trySlideMenuApp[3156:49056] [CDVTimer][file] 47.138989ms
2015-03-14 01:12:17.941 trySlideMenuApp[3156:49056] [CDVTimer][TotalPluginStartup] 389.277995ms
2015-03-14 01:12:18.661 trySlideMenuApp[3156:49056] Resetting plugins due to page load.
2015-03-14 01:12:19.313 trySlideMenuApp[3156:49056] Finished load of: file:///Users/Admin/Library/Developer/CoreSimulator/Devices/3841FA89-3685-45EB-8640-6B4604F7DC7F/data/Containers/Bundle/Application/CFD970A1-CE13-4096-A3B1-053C4557CDA7/trySlideMenuApp.app/www/index.html
2015-03-14 01:13:39.270 trySlideMenuApp[3305:49712] DiskCookieStorage changing policy from 2 to 0, cookie file: file:///Users/Admin/Library/Developer/CoreSimulator/Devices/3841FA89-3685-45EB-8640-6B4604F7DC7F/data/Containers/Data/Application/A209DB6B-51ED-4EF2-8B7B-911AD5A0CB2F/Library/Cookies/Cookies.binarycookies
2015-03-14 01:13:40.019 trySlideMenuApp[3305:49712] Apache Cordova native platform version 3.8.0 is starting.
2015-03-14 01:13:40.023 trySlideMenuApp[3305:49712] Multi-tasking -> Device: YES, App: YES
2015-03-14 01:13:40.030 trySlideMenuApp[3305:49712] Unlimited access to network resources
2015-03-14 01:13:40.995 trySlideMenuApp[3305:49712] [CDVTimer][keyboard] 0.200987ms
2015-03-14 01:13:41.220 trySlideMenuApp[3305:49712] [CDVTimer][splashscreen] 224.640012ms
2015-03-14 01:13:41.250 trySlideMenuApp[3305:49712] [CDVTimer][file] 30.081034ms
2015-03-14 01:13:41.251 trySlideMenuApp[3305:49712] [CDVTimer][TotalPluginStartup] 256.528020ms
2015-03-14 01:13:41.850 trySlideMenuApp[3305:49712] Resetting plugins due to page load.
2015-03-14 01:13:42.318 trySlideMenuApp[3305:49712] Finished load of: file:///Users/Admin/Library/Developer/CoreSimulator/Devices/3841FA89-3685-45EB-8640-6B4604F7DC7F/data/Containers/Bundle/Application/93E91C64-095A-4436-888C-632067D8254C/trySlideMenuApp.app/www/index.html
2015-03-18 21:01:55.968 trySlideMenuApp[668:18031] DiskCookieStorage changing policy from 2 to 0, cookie file: file:///Users/Admin/Library/Developer/CoreSimulator/Devices/3841FA89-3685-45EB-8640-6B4604F7DC7F/data/Containers/Data/Application/21660451-59CD-462B-A62D-82826F2E0907/Library/Cookies/Cookies.binarycookies
2015-03-18 21:01:58.460 trySlideMenuApp[668:18031] Apache Cordova native platform version 3.8.0 is starting.
2015-03-18 21:01:58.471 trySlideMenuApp[668:18031] Multi-tasking -> Device: YES, App: YES
2015-03-18 21:01:58.506 trySlideMenuApp[668:18031] Unlimited access to network resources
2015-03-18 21:02:04.276 trySlideMenuApp[668:18031] [CDVTimer][keyboard] 0.223994ms
2015-03-18 21:02:05.133 trySlideMenuApp[668:18031] [CDVTimer][splashscreen] 856.728017ms
2015-03-18 21:02:05.221 trySlideMenuApp[668:18031] [CDVTimer][file] 88.176012ms
2015-03-18 21:02:05.222 trySlideMenuApp[668:18031] [CDVTimer][TotalPluginStartup] 946.424007ms
2015-03-18 21:02:05.836 trySlideMenuApp[668:18031] Resetting plugins due to page load.
2015-03-18 21:02:06.589 trySlideMenuApp[668:18031] Finished load of: file:///Users/Admin/Library/Developer/CoreSimulator/Devices/3841FA89-3685-45EB-8640-6B4604F7DC7F/data/Containers/Bundle/Application/431E0135-01C0-4A25-A599-CB6941D43891/trySlideMenuApp.app/www/index.html#/app/playlists
2015-03-18 21:02:14.932 trySlideMenuApp[668:18031] THREAD WARNING: ['File'] took '21.046875' ms. Plugin should use a background thread.
2015-03-18 21:02:19.316 trySlideMenuApp[668:18031] THREAD WARNING: ['File'] took '4379.661133' ms. Plugin should use a background thread.
2015-03-18 21:02:21.826 trySlideMenuApp[668:18031] THREAD WARNING: ['File'] took '2489.038086' ms. Plugin should use a background thread.
2015-03-18 21:02:21.876 trySlideMenuApp[668:18031] Error in Success callbackId: File1340625109 : ReferenceError: Can't find variable: fileWriter
2015-03-18 21:04:08.308 trySlideMenuApp[819:18871] DiskCookieStorage changing policy from 2 to 0, cookie file: file:///Users/Admin/Library/Developer/CoreSimulator/Devices/3841FA89-3685-45EB-8640-6B4604F7DC7F/data/Containers/Data/Application/FBB934AA-3465-45A6-B895-AF384E618DA1/Library/Cookies/Cookies.binarycookies
2015-03-18 21:04:13.395 trySlideMenuApp[819:18871] Apache Cordova native platform version 3.8.0 is starting.
2015-03-18 21:04:13.397 trySlideMenuApp[819:18871] Multi-tasking -> Device: YES, App: YES
2015-03-18 21:04:13.403 trySlideMenuApp[819:18871] Unlimited access to network resources
2015-03-18 21:04:14.150 trySlideMenuApp[819:18871] [CDVTimer][keyboard] 0.234962ms
2015-03-18 21:04:14.521 trySlideMenuApp[819:18871] [CDVTimer][splashscreen] 370.070994ms
2015-03-18 21:04:14.549 trySlideMenuApp[819:18871] [CDVTimer][file] 27.637959ms
2015-03-18 21:04:14.550 trySlideMenuApp[819:18871] [CDVTimer][TotalPluginStartup] 399.648011ms
2015-03-18 21:04:15.173 trySlideMenuApp[819:18871] Resetting plugins due to page load.
2015-03-18 21:04:15.852 trySlideMenuApp[819:18871] Finished load of: file:///Users/Admin/Library/Developer/CoreSimulator/Devices/3841FA89-3685-45EB-8640-6B4604F7DC7F/data/Containers/Bundle/Application/8EE650EE-9980-4283-8C5D-8422562E29D4/trySlideMenuApp.app/www/index.html#/app/playlists
2015-03-18 21:04:24.778 trySlideMenuApp[819:18871] THREAD WARNING: ['File'] took '1553.349121' ms. Plugin should use a background thread.
2015-03-18 21:04:26.341 trySlideMenuApp[819:18871] THREAD WARNING: ['File'] took '1547.980957' ms. Plugin should use a background thread.
2015-03-18 21:04:26.379 trySlideMenuApp[819:18871] Error in Success callbackId: File925836493 : ReferenceError: Can't find variable: fileWriter
2015-03-18 21:12:03.355 trySlideMenuApp[976:20674] DiskCookieStorage changing policy from 2 to 0, cookie file: file:///Users/Admin/Library/Developer/CoreSimulator/Devices/3841FA89-3685-45EB-8640-6B4604F7DC7F/data/Containers/Data/Application/625C5003-A6A4-421F-9339-F9A66AFCD365/Library/Cookies/Cookies.binarycookies
2015-03-18 21:12:03.752 trySlideMenuApp[976:20674] Apache Cordova native platform version 3.8.0 is starting.
2015-03-18 21:12:03.757 trySlideMenuApp[976:20674] Multi-tasking -> Device: YES, App: YES
2015-03-18 21:12:03.769 trySlideMenuApp[976:20674] Unlimited access to network resources
2015-03-18 21:12:04.533 trySlideMenuApp[976:20674] [CDVTimer][keyboard] 0.225008ms
2015-03-18 21:12:04.739 trySlideMenuApp[976:20674] [CDVTimer][splashscreen] 205.391049ms
2015-03-18 21:12:04.766 trySlideMenuApp[976:20674] [CDVTimer][file] 26.319981ms
2015-03-18 21:12:04.766 trySlideMenuApp[976:20674] [CDVTimer][TotalPluginStartup] 232.985973ms
2015-03-18 21:12:07.374 trySlideMenuApp[976:20674] Resetting plugins due to page load.
2015-03-18 21:12:07.956 trySlideMenuApp[976:20674] Finished load of: file:///Users/Admin/Library/Developer/CoreSimulator/Devices/3841FA89-3685-45EB-8640-6B4604F7DC7F/data/Containers/Bundle/Application/6A869180-8145-412B-9D60-BA01D1869853/trySlideMenuApp.app/www/index.html#/app/playlists
2015-03-18 21:32:08.692 trySlideMenuApp[976:20712] void SendDelegateMessage(NSInvocation *): delegate (webView:runJavaScriptAlertPanelWithMessage:initiatedByFrame:) failed to return after waiting 10 seconds. main run loop mode: kCFRunLoopDefaultMode
2015-03-18 21:32:13.374 trySlideMenuApp[976:20674] THREAD WARNING: ['File'] took '1330.853760' ms. Plugin should use a background thread.
2015-03-18 21:32:14.801 trySlideMenuApp[976:20674] THREAD WARNING: ['File'] took '1391.589111' ms. Plugin should use a background thread.
2015-03-18 22:07:53.554 trySlideMenuApp[1138:28423] DiskCookieStorage changing policy from 2 to 0, cookie file: file:///Users/Admin/Library/Developer/CoreSimulator/Devices/3841FA89-3685-45EB-8640-6B4604F7DC7F/data/Containers/Data/Application/9896F32A-1F1C-46B9-B1C4-E34DDB12FABC/Library/Cookies/Cookies.binarycookies
2015-03-18 22:07:53.898 trySlideMenuApp[1138:28423] Apache Cordova native platform version 3.8.0 is starting.
2015-03-18 22:07:53.903 trySlideMenuApp[1138:28423] Multi-tasking -> Device: YES, App: YES
2015-03-18 22:07:53.915 trySlideMenuApp[1138:28423] Unlimited access to network resources
2015-03-18 22:07:54.841 trySlideMenuApp[1138:28423] [CDVTimer][keyboard] 0.239015ms
2015-03-18 22:07:56.205 trySlideMenuApp[1138:28423] [CDVTimer][splashscreen] 1363.395989ms
2015-03-18 22:07:56.304 trySlideMenuApp[1138:28423] [CDVTimer][file] 98.358989ms
2015-03-18 22:07:56.339 trySlideMenuApp[1138:28423] [CDVTimer][TotalPluginStartup] 1498.248041ms
2015-03-18 22:07:59.296 trySlideMenuApp[1138:28423] Resetting plugins due to page load.
2015-03-18 22:07:59.877 trySlideMenuApp[1138:28423] Finished load of: file:///Users/Admin/Library/Developer/CoreSimulator/Devices/3841FA89-3685-45EB-8640-6B4604F7DC7F/data/Containers/Bundle/Application/FB0CEA70-6434-4E07-90BE-8C17B940B428/trySlideMenuApp.app/www/index.html#/app/playlists
2015-03-18 22:08:06.565 trySlideMenuApp[1138:28423] THREAD WARNING: ['File'] took '11.285889' ms. Plugin should use a background thread.
2015-03-18 22:08:07.965 trySlideMenuApp[1138:28423] THREAD WARNING: ['File'] took '1394.613037' ms. Plugin should use a background thread.
2015-03-18 22:09:09.538 trySlideMenuApp[1288:29085] DiskCookieStorage changing policy from 2 to 0, cookie file: file:///Users/Admin/Library/Developer/CoreSimulator/Devices/3841FA89-3685-45EB-8640-6B4604F7DC7F/data/Containers/Data/Application/5144C10E-88BD-450B-BA3E-D3719B7F95FF/Library/Cookies/Cookies.binarycookies
2015-03-18 22:09:09.850 trySlideMenuApp[1288:29085] Apache Cordova native platform version 3.8.0 is starting.
2015-03-18 22:09:09.851 trySlideMenuApp[1288:29085] Multi-tasking -> Device: YES, App: YES
2015-03-18 22:09:09.856 trySlideMenuApp[1288:29085] Unlimited access to network resources
2015-03-18 22:09:10.510 trySlideMenuApp[1288:29085] [CDVTimer][keyboard] 0.885010ms
2015-03-18 22:09:11.785 trySlideMenuApp[1288:29085] [CDVTimer][splashscreen] 1273.734033ms
2015-03-18 22:09:11.844 trySlideMenuApp[1288:29085] [CDVTimer][file] 57.904005ms
2015-03-18 22:09:11.845 trySlideMenuApp[1288:29085] [CDVTimer][TotalPluginStartup] 1335.425973ms
2015-03-18 22:09:12.532 trySlideMenuApp[1288:29085] Resetting plugins due to page load.
2015-03-18 22:09:13.446 trySlideMenuApp[1288:29085] Finished load of: file:///Users/Admin/Library/Developer/CoreSimulator/Devices/3841FA89-3685-45EB-8640-6B4604F7DC7F/data/Containers/Bundle/Application/34E9FAD6-484B-43FA-A161-47FD11443708/trySlideMenuApp.app/www/index.html#/app/playlists
2015-03-18 22:09:23.833 trySlideMenuApp[1288:29085] THREAD WARNING: ['File'] took '1737.503906' ms. Plugin should use a background thread.
2015-03-18 22:09:23.906 trySlideMenuApp[1288:29085] THREAD WARNING: ['File'] took '53.010010' ms. Plugin should use a background thread.
